빌드 시작: 2022-11-04 오후 9:24:22
     1>2 노드의 "D:\College\3_2\WindowProgramming2\Omok\Omok\Omok.vcxproj" 프로젝트(build 대상)입니다.
     1>InitializeBuildStatus:
         "AlwaysCreate"이(가) 지정되었기 때문에 "Debug\Omok.unsuccessfulbuild"을(를) 만들고 있습니다.
       ClCompile:
         모든 출력이 최신 상태입니다.
         D:\College\3_2\WindowProgramming2\VS2010\VC\bin\CL.exe /c /ZI /nologo /W3 /WX- /Od /Oy- /D WIN32 /D _WINDOWS /D _DEBUG /D _UNICODE /D UNICODE /D _AFXDLL /Gm /EHsc /RTC1 /MDd /GS /fp:precise /Zc:wchar_t /Zc:forScope /Yu"StdAfx.h" /Fp"Debug\Omok.pch" /Fo"Debug\\" /Fd"Debug\vc100.pdb" /Gd /TP /analyze- /errorReport:prompt OmokView.cpp
         OmokView.cpp
     1>d:\college\3_2\windowprogramming2\omok\omok\omokview.cpp(63): warning C4101: 'col' :참조되지 않은 지역 변수입니다.
     1>d:\college\3_2\windowprogramming2\omok\omok\omokview.cpp(63): warning C4101: 'row' :참조되지 않은 지역 변수입니다.
       ResourceCompile:
         모든 출력이 최신 상태입니다.
       ManifestResourceCompile:
         모든 출력이 최신 상태입니다.
       Link:
         D:\College\3_2\WindowProgramming2\VS2010\VC\bin\link.exe /ERRORREPORT:PROMPT /OUT:"D:\College\3_2\WindowProgramming2\omok\Debug\Omok.exe" /INCREMENTAL /NOLOGO /MANIFEST /ManifestFile:"Debug\Omok.exe.intermediate.manifest" /MANIFESTUAC:"level='asInvoker' uiAccess='false'" /DEBUG /PDB:"D:\College\3_2\WindowProgramming2\omok\Debug\Omok.pdb" /SUBSYSTEM:WINDOWS /TLBID:1 /ENTRY:"wWinMainCRTStartup" /DYNAMICBASE /NXCOMPAT /IMPLIB:"D:\College\3_2\WindowProgramming2\omok\Debug\Omok.lib" /MACHINE:X86 Debug\Omok.res
         Debug\Omok.exe.embed.manifest.res
         Debug\MainFrm.obj
         Debug\Omok.obj
         Debug\OmokDoc.obj
         Debug\OmokView.obj
         Debug\stdafx.obj
       Manifest:
         C:\Program Files (x86)\Microsoft SDKs\Windows\v7.0A\bin\mt.exe /nologo /verbose /out:"Debug\Omok.exe.embed.manifest" /manifest Debug\Omok.exe.intermediate.manifest D:\College\3_2\WindowProgramming2\VS2010\VC\Include\Manifest\dpiaware.manifest
         모든 출력이 최신 상태입니다.
       LinkEmbedManifest:
         모든 출력이 최신 상태입니다.
         Omok.vcxproj -> D:\College\3_2\WindowProgramming2\omok\Debug\Omok.exe
       FinalizeBuildStatus:
         "Debug\Omok.unsuccessfulbuild" 파일을 삭제하고 있습니다.
         "Debug\Omok.lastbuildstate"에 연결(touching)하고 있습니다.
     1>"D:\College\3_2\WindowProgramming2\Omok\Omok\Omok.vcxproj" 프로젝트를 빌드했습니다(build 대상).

빌드했습니다.

경과 시간: 00:00:01.04
